sample.interval=20000
"list.files" "file.info" "mtime" "build" "doTryCatch" "tryCatchOne" "tryCatchList" "tryCatch" "handler" "doTryCatch" "tryCatchOne" "tryCatchList" "tryCatch" "try" "<Anonymous>" "evalq" "evalq" "doTryCatch" "tryCatchOne" "tryCatchList" "doTryCatch" "tryCatchOne" "tryCatchList" "tryCatch" 
"list.files" "file.info" "mtime" "build" "doTryCatch" "tryCatchOne" "tryCatchList" "tryCatch" "handler" "doTryCatch" "tryCatchOne" "tryCatchList" "tryCatch" "try" "<Anonymous>" "evalq" "evalq" "doTryCatch" "tryCatchOne" "tryCatchList" "doTryCatch" "tryCatchOne" "tryCatchList" "tryCatch" 
".identC" "is" "initialize" "initialize" "methods::new" "ErrorStream$new" "compute" "doTryCatch" "tryCatchOne" "tryCatchList" "tryCatch" "rookCall" "<Anonymous>" "evalq" "evalq" "doTryCatch" "tryCatchOne" "tryCatchList" "doTryCatch" "tryCatchOne" "tryCatchList" "tryCatch" 
"list.files" "file.info" "mtime" "build" "doTryCatch" "tryCatchOne" "tryCatchList" "tryCatch" "handler" "doTryCatch" "tryCatchOne" "tryCatchList" "tryCatch" "try" "<Anonymous>" "evalq" "evalq" "doTryCatch" "tryCatchOne" "tryCatchList" "doTryCatch" "tryCatchOne" "tryCatchList" "tryCatch" 
"file.info" "mtime" "build" "doTryCatch" "tryCatchOne" "tryCatchList" "tryCatch" "handler" "doTryCatch" "tryCatchOne" "tryCatchList" "tryCatch" "try" "<Anonymous>" "evalq" "evalq" "doTryCatch" "tryCatchOne" "tryCatchList" "doTryCatch" "tryCatchOne" "tryCatchList" "tryCatch" 
"list.files" "file.info" "mtime" "build" "doTryCatch" "tryCatchOne" "tryCatchList" "tryCatch" "handler" "doTryCatch" "tryCatchOne" "tryCatchList" "tryCatch" "try" "<Anonymous>" "evalq" "evalq" "doTryCatch" "tryCatchOne" "tryCatchList" "doTryCatch" "tryCatchOne" "tryCatchList" "tryCatch" 
"c" "structure" ".POSIXct" "file.info" "file_test" "file_exists" "older_than" "<Anonymous>" "mapply" "<Anonymous>" "build_site" "serve" "blogdown::serve_site" 
"system2" "hugo_cmd" "hugo_build" "build_site" "serve" "blogdown::serve_site" 
"system2" "hugo_cmd" "hugo_build" "build_site" "serve" "blogdown::serve_site" 
"system2" "hugo_cmd" "hugo_build" "build_site" "serve" "blogdown::serve_site" 
"system2" "hugo_cmd" "hugo_build" "build_site" "serve" "blogdown::serve_site" 
"list.files" "file.info" "mtime" "watch_dir" "in_dir" "dynamic_site" "servr::httw" "serve" "blogdown::serve_site" 
"lapply" "getNativeSymbolInfo" "f" "callFun" "browser" "browseURL" "browse" "res$start_server" "dynamic_site" "servr::httw" "serve" "blogdown::serve_site" 
"list.files" "file.info" "mtime" "build" "doTryCatch" "tryCatchOne" "tryCatchList" "tryCatch" "handler" "doTryCatch" "tryCatchOne" "tryCatchList" "tryCatch" "try" "<Anonymous>" "evalq" "evalq" "doTryCatch" "tryCatchOne" "tryCatchList" "doTryCatch" "tryCatchOne" "tryCatchList" "tryCatch" 
"grepl" "response" "func" "compute" "doTryCatch" "tryCatchOne" "tryCatchList" "tryCatch" "rookCall" "<Anonymous>" "evalq" "evalq" "doTryCatch" "tryCatchOne" "tryCatchList" "doTryCatch" "tryCatchOne" "tryCatchList" "tryCatch" 
"gsub" "mtime" "build" "doTryCatch" "tryCatchOne" "tryCatchList" "tryCatch" "handler" "doTryCatch" "tryCatchOne" "tryCatchList" "tryCatch" "try" "<Anonymous>" "evalq" "evalq" "doTryCatch" "tryCatchOne" "tryCatchList" "doTryCatch" "tryCatchOne" "tryCatchList" "tryCatch" 
"list.files" "file.info" "mtime" "build" "doTryCatch" "tryCatchOne" "tryCatchList" "tryCatch" "handler" "doTryCatch" "tryCatchOne" "tryCatchList" "tryCatch" "try" "<Anonymous>" "evalq" "evalq" "doTryCatch" "tryCatchOne" "tryCatchList" "doTryCatch" "tryCatchOne" "tryCatchList" "tryCatch" 
"list.files" "file.info" "mtime" "build" "doTryCatch" "tryCatchOne" "tryCatchList" "tryCatch" "handler" "doTryCatch" "tryCatchOne" "tryCatchList" "tryCatch" "try" "<Anonymous>" "evalq" "evalq" "doTryCatch" "tryCatchOne" "tryCatchList" "doTryCatch" "tryCatchOne" "tryCatchList" "tryCatch" 
"gsub" "mtime" "build" "doTryCatch" "tryCatchOne" "tryCatchList" "tryCatch" "handler" "doTryCatch" "tryCatchOne" "tryCatchList" "tryCatch" "try" "<Anonymous>" "evalq" "evalq" "doTryCatch" "tryCatchOne" "tryCatchList" "doTryCatch" "tryCatchOne" "tryCatchList" "tryCatch" 
"list.files" "file.info" "mtime" "build" "doTryCatch" "tryCatchOne" "tryCatchList" "tryCatch" "handler" "doTryCatch" "tryCatchOne" "tryCatchList" "tryCatch" "try" "<Anonymous>" "evalq" "evalq" "doTryCatch" "tryCatchOne" "tryCatchList" "doTryCatch" "tryCatchOne" "tryCatchList" "tryCatch" 
"list.files" "file.info" "mtime" "build" "doTryCatch" "tryCatchOne" "tryCatchList" "tryCatch" "handler" "doTryCatch" "tryCatchOne" "tryCatchList" "tryCatch" "try" "<Anonymous>" "evalq" "evalq" "doTryCatch" "tryCatchOne" "tryCatchList" "doTryCatch" "tryCatchOne" "tryCatchList" "tryCatch" 
"file.info" "mtime" "build" "doTryCatch" "tryCatchOne" "tryCatchList" "tryCatch" "handler" "doTryCatch" "tryCatchOne" "tryCatchList" "tryCatch" "try" "<Anonymous>" "evalq" "evalq" "doTryCatch" "tryCatchOne" "tryCatchList" "doTryCatch" "tryCatchOne" "tryCatchList" "tryCatch" 
"list.files" "file.info" "mtime" "build" "doTryCatch" "tryCatchOne" "tryCatchList" "tryCatch" "handler" "doTryCatch" "tryCatchOne" "tryCatchList" "tryCatch" "try" "<Anonymous>" "evalq" "evalq" "doTryCatch" "tryCatchOne" "tryCatchList" "doTryCatch" "tryCatchOne" "tryCatchList" "tryCatch" 
"gsub" "mtime" "build" "doTryCatch" "tryCatchOne" "tryCatchList" "tryCatch" "handler" "doTryCatch" "tryCatchOne" "tryCatchList" "tryCatch" "try" "<Anonymous>" "evalq" "evalq" "doTryCatch" "tryCatchOne" "tryCatchList" "doTryCatch" "tryCatchOne" "tryCatchList" "tryCatch" 
"list.files" "file.info" "mtime" "build" "doTryCatch" "tryCatchOne" "tryCatchList" "tryCatch" "handler" "doTryCatch" "tryCatchOne" "tryCatchList" "tryCatch" "try" "<Anonymous>" "evalq" "evalq" "doTryCatch" "tryCatchOne" "tryCatchList" "doTryCatch" "tryCatchOne" "tryCatchList" "tryCatch" 
"list.files" "file.info" "mtime" "build" "doTryCatch" "tryCatchOne" "tryCatchList" "tryCatch" "handler" "doTryCatch" "tryCatchOne" "tryCatchList" "tryCatch" "try" "<Anonymous>" "evalq" "evalq" "doTryCatch" "tryCatchOne" "tryCatchList" "doTryCatch" "tryCatchOne" "tryCatchList" "tryCatch" 
"list.files" "file.info" "mtime" "build" "doTryCatch" "tryCatchOne" "tryCatchList" "tryCatch" "handler" "doTryCatch" "tryCatchOne" "tryCatchList" "tryCatch" "try" "<Anonymous>" "evalq" "evalq" "doTryCatch" "tryCatchOne" "tryCatchList" "doTryCatch" "tryCatchOne" "tryCatchList" "tryCatch" 
"gsub" "mtime" "build" "doTryCatch" "tryCatchOne" "tryCatchList" "tryCatch" "handler" "doTryCatch" "tryCatchOne" "tryCatchList" "tryCatch" "try" "<Anonymous>" "evalq" "evalq" "doTryCatch" "tryCatchOne" "tryCatchList" "doTryCatch" "tryCatchOne" "tryCatchList" "tryCatch" 
"&" ".rs.startsWith" ".rs.fuzzyMatches" ".rs.getCompletionsSearchPath" "Reduce" "<Anonymous>" 
"do.call" "doTryCatch" "tryCatchOne" "tryCatchList" "tryCatch" ".rs.getHelpFromObject" ".rs.getHelpFunction" "<Anonymous>" 
"as.list" ".rs.getHelpFromObject" ".rs.getHelpFunction" "<Anonymous>" 
"as.list" ".rs.getHelpFromObject" ".rs.getHelpFunction" "<Anonymous>" 
".rs.getHelpFromObject" ".rs.getHelpFunction" "<Anonymous>" 
"isTRUE" "addParaBreaks" "writeLines" "writeLinesUTF8" "of1" "writeBlock" "writeContent" "writeContent" "writeSection" "Rd2HTML" "tools:::httpd" "withCallingHandlers" "suppressWarnings" ".rs.getHelp" ".rs.getHelpFromObject" ".rs.getHelpFunction" "<Anonymous>" 
"as.list" ".rs.getHelpFromObject" ".rs.getHelpFunction" "<Anonymous>" 
"readRDS" "tools:::httpd" "withCallingHandlers" "suppressWarnings" ".rs.getHelp" ".rs.getHelpFromObject" ".rs.getHelpFunction" "<Anonymous>" 
"writeContent" "writeWrapped" "writeBlock" "writeContent" "writeSection" "Rd2HTML" "tools:::httpd" "withCallingHandlers" "suppressWarnings" ".rs.getHelp" ".rs.getHelpFromObject" ".rs.getHelpFunction" "<Anonymous>" 
"writeContent" "writeWrapped" "writeBlock" "writeContent" "writeSection" "Rd2HTML" "tools:::httpd" "withCallingHandlers" "suppressWarnings" ".rs.getHelp" ".rs.getHelpFromObject" ".rs.getHelpFunction" "<Anonymous>" 
"ls" "FUN" "lapply" ".rs.objectsOnSearchPath" ".rs.getCompletionsSearchPath" "Reduce" "<Anonymous>" 
"readLines" "paste" "tools:::httpd" "withCallingHandlers" "suppressWarnings" ".rs.getHelp" ".rs.getHelpFunction" "<Anonymous>" 
"close" "readRDS" "tools:::httpd" "withCallingHandlers" "suppressWarnings" ".rs.getHelp" ".rs.getHelpFunction" "<Anonymous>" 
"[[.data.frame" "[[" "$.data.frame" "$" "file_test" "file_exists" "older_than" "<Anonymous>" "mapply" "<Anonymous>" "build_site" "serve" "blogdown::serve_site" 
"system2" "xfun::Rscript" "Rscript" "render_page" "build_rmds" "build_site" "serve" "blogdown::serve_site" 
"system2" "xfun::Rscript" "Rscript" "render_page" "build_rmds" "build_site" "serve" "blogdown::serve_site" 
"system2" "xfun::Rscript" "Rscript" "render_page" "build_rmds" "build_site" "serve" "blogdown::serve_site" 
"system2" "xfun::Rscript" "Rscript" "render_page" "build_rmds" "build_site" "serve" "blogdown::serve_site" 
"system2" "xfun::Rscript" "Rscript" "render_page" "build_rmds" "build_site" "serve" "blogdown::serve_site" 
"system2" "xfun::Rscript" "Rscript" "render_page" "build_rmds" "build_site" "serve" "blogdown::serve_site" 
"system2" "xfun::Rscript" "Rscript" "render_page" "build_rmds" "build_site" "serve" "blogdown::serve_site" 
"system2" "xfun::Rscript" "Rscript" "render_page" "build_rmds" "build_site" "serve" "blogdown::serve_site" 
"system2" "xfun::Rscript" "Rscript" "render_page" "build_rmds" "build_site" "serve" "blogdown::serve_site" 
"system2" "xfun::Rscript" "Rscript" "render_page" "build_rmds" "build_site" "serve" "blogdown::serve_site" 
"system2" "xfun::Rscript" "Rscript" "render_page" "build_rmds" "build_site" "serve" "blogdown::serve_site" 
"system2" "xfun::Rscript" "Rscript" "render_page" "build_rmds" "build_site" "serve" "blogdown::serve_site" 
"system2" "hugo_cmd" "hugo_build" "build_site" "serve" "blogdown::serve_site" 
"system2" "hugo_cmd" "hugo_build" "build_site" "serve" "blogdown::serve_site" 
"system2" "hugo_cmd" "hugo_build" "build_site" "serve" "blogdown::serve_site" 
"system2" "hugo_cmd" "hugo_build" "build_site" "serve" "blogdown::serve_site" 
"system2" "hugo_cmd" "hugo_build" "build_site" "serve" "blogdown::serve_site" 
"system2" "hugo_cmd" "hugo_build" "build_site" "serve" "blogdown::serve_site" 
"system2" "hugo_cmd" "hugo_build" "build_site" "serve" "blogdown::serve_site" 
"system2" "hugo_cmd" "hugo_build" "build_site" "serve" "blogdown::serve_site" 
"system2" "hugo_cmd" "hugo_build" "build_site" "serve" "blogdown::serve_site" 
"system2" "hugo_cmd" "hugo_build" "build_site" "serve" "blogdown::serve_site" 
"list.files" "bookdown:::clean_empty_dir" "hugo_build" "build_site" "serve" "blogdown::serve_site" 
"list.files" "bookdown:::clean_empty_dir" "hugo_build" "build_site" "serve" "blogdown::serve_site" 
"list.files" "bookdown:::clean_empty_dir" "hugo_build" "build_site" "serve" "blogdown::serve_site" 
"list.files" "bookdown:::clean_empty_dir" "hugo_build" "build_site" "serve" "blogdown::serve_site" 
"gsub" "mtime" "build" "in_dir" "dynamic_site" "servr::httw" "serve" "blogdown::serve_site" 
"gsub" "mtime" "build" "doTryCatch" "tryCatchOne" "tryCatchList" "tryCatch" "handler" "doTryCatch" "tryCatchOne" "tryCatchList" "tryCatch" "try" "<Anonymous>" "evalq" "evalq" "doTryCatch" "tryCatchOne" "tryCatchList" "doTryCatch" "tryCatchOne" "tryCatchList" "tryCatch" 
"save" "save.image" "sys.save.image" 
"save" "save.image" "sys.save.image" 
"save" "save.image" "sys.save.image" 
"save" "save.image" "sys.save.image" 
"save" "save.image" "sys.save.image" 
"save" "save.image" "sys.save.image" 
"save" "save.image" "sys.save.image" 
"save" "save.image" "sys.save.image" 
"save" "save.image" "sys.save.image" 
"save" "save.image" "sys.save.image" 
"save" "save.image" "sys.save.image" 
"save" "save.image" "sys.save.image" 
"save" "save.image" "sys.save.image" 
"save" "save.image" "sys.save.image" 
"save" "save.image" "sys.save.image" 
"save" "save.image" "sys.save.image" 
"save" "save.image" "sys.save.image" 
"save" "save.image" "sys.save.image" 
"save" "save.image" "sys.save.image" 
"save" "save.image" "sys.save.image" 
"save" "save.image" "sys.save.image" 
"save" "save.image" "sys.save.image" 
"save" "save.image" "sys.save.image" 
"save" "save.image" "sys.save.image" 
"save" "save.image" "sys.save.image" 
"save" "save.image" "sys.save.image" 
"save" "save.image" "sys.save.image" 
"save" "save.image" "sys.save.image" 
"save" "save.image" "sys.save.image" 
"save" "save.image" "sys.save.image" 
"save" "save.image" "sys.save.image" 
"save" "save.image" "sys.save.image" 
"save" "save.image" "sys.save.image" 
"save" "save.image" "sys.save.image" 
"save" "save.image" "sys.save.image" 
"save" "save.image" "sys.save.image" 
"save" "save.image" "sys.save.image" 
"save" "save.image" "sys.save.image" 
"save" "save.image" "sys.save.image" 
"save" "save.image" "sys.save.image" 
"save" "save.image" "sys.save.image" 
"save" "save.image" "sys.save.image" 
"save" "save.image" "sys.save.image" 
"save" "save.image" "sys.save.image" 
"save" "save.image" "sys.save.image" 
"save" "save.image" "sys.save.image" 
"save" "save.image" "sys.save.image" 
"save" "save.image" "sys.save.image" 
"save" "save.image" "sys.save.image" 
"save" "save.image" "sys.save.image" 
"save" "save.image" "sys.save.image" 
"save" "save.image" "sys.save.image" 
"save" "save.image" "sys.save.image" 
"save" "save.image" "sys.save.image" 
"save" "save.image" "sys.save.image" 
"save" "save.image" "sys.save.image" 
"save" "save.image" "sys.save.image" 
"save" "save.image" "sys.save.image" 
"save" "save.image" "sys.save.image" 
"save" "save.image" "sys.save.image" 
"save" "save.image" "sys.save.image" 
"save" "save.image" "sys.save.image" 
"save" "save.image" "sys.save.image" 
"save" "save.image" "sys.save.image" 
"save" "save.image" "sys.save.image" 
"save" "save.image" "sys.save.image" 
"save" "save.image" "sys.save.image" 
"save" "save.image" "sys.save.image" 
"save" "save.image" "sys.save.image" 
"save" "save.image" "sys.save.image" 
"save" "save.image" "sys.save.image" 
"save" "save.image" "sys.save.image" 
"save" "save.image" "sys.save.image" 
"save" "save.image" "sys.save.image" 
"save" "save.image" "sys.save.image" 
"save" "save.image" "sys.save.image" 
"save" "save.image" "sys.save.image" 
"save" "save.image" "sys.save.image" 
"save" "save.image" "sys.save.image" 
"save" "save.image" "sys.save.image" 
"save" "save.image" "sys.save.image" 
"save" "save.image" "sys.save.image" 
"save" "save.image" "sys.save.image" 
"save" "save.image" "sys.save.image" 
"save" "save.image" "sys.save.image" 
"save" "save.image" "sys.save.image" 
"save" "save.image" "sys.save.image" 
"save" "save.image" "sys.save.image" 
"save" "save.image" "sys.save.image" 
"save" "save.image" "sys.save.image" 
"save" "save.image" "sys.save.image" 
"save" "save.image" "sys.save.image" 
"save" "save.image" "sys.save.image" 
"save" "save.image" "sys.save.image" 
"save" "save.image" "sys.save.image" 
"save" "save.image" "sys.save.image" 
"save" "save.image" "sys.save.image" 
"save" "save.image" "sys.save.image" 
"save" "save.image" "sys.save.image" 
"save" "save.image" "sys.save.image" 
"save" "save.image" "sys.save.image" 
"save" "save.image" "sys.save.image" 
"save" "save.image" "sys.save.image" 
"save" "save.image" "sys.save.image" 
"save" "save.image" "sys.save.image" 
"save" "save.image" "sys.save.image" 
"save" "save.image" "sys.save.image" 
"save" "save.image" "sys.save.image" 
"save" "save.image" "sys.save.image" 
"save" "save.image" "sys.save.image" 
"save" "save.image" "sys.save.image" 
"save" "save.image" "sys.save.image" 
"save" "save.image" "sys.save.image" 
"save" "save.image" "sys.save.image" 
"save" "save.image" "sys.save.image" 
"save" "save.image" "sys.save.image" 
"save" "save.image" "sys.save.image" 
"save" "save.image" "sys.save.image" 
"save" "save.image" "sys.save.image" 
"save" "save.image" "sys.save.image" 
"save" "save.image" "sys.save.image" 
"save" "save.image" "sys.save.image" 
"save" "save.image" "sys.save.image" 
"save" "save.image" "sys.save.image" 
"save" "save.image" "sys.save.image" 
"save" "save.image" "sys.save.image" 
"save" "save.image" "sys.save.image" 
"save" "save.image" "sys.save.image" 
"save" "save.image" "sys.save.image" 
"save" "save.image" "sys.save.image" 
"save" "save.image" "sys.save.image" 
"save" "save.image" "sys.save.image" 
"save" "save.image" "sys.save.image" 
"save" "save.image" "sys.save.image" 
"save" "save.image" "sys.save.image" 
"save" "save.image" "sys.save.image" 
"save" "save.image" "sys.save.image" 
"save" "save.image" "sys.save.image" 
"save" "save.image" "sys.save.image" 
"save" "save.image" "sys.save.image" 
"save" "save.image" "sys.save.image" 
"save" "save.image" "sys.save.image" 
"save" "save.image" "sys.save.image" 
"save" "save.image" "sys.save.image" 
"save" "save.image" "sys.save.image" 
"save" "save.image" "sys.save.image" 
"save" "save.image" "sys.save.image" 
"save" "save.image" "sys.save.image" 
"save" "save.image" "sys.save.image" 
"save" "save.image" "sys.save.image" 
"save" "save.image" "sys.save.image" 
"save" "save.image" "sys.save.image" 
"save" "save.image" "sys.save.image" 
"save" "save.image" "sys.save.image" 
"save" "save.image" "sys.save.image" 
"save" "save.image" "sys.save.image" 
"save" "save.image" "sys.save.image" 
"save" "save.image" "sys.save.image" 
"save" "save.image" "sys.save.image" 
"save" "save.image" "sys.save.image" 
"save" "save.image" "sys.save.image" 
"save" "save.image" "sys.save.image" 
"save" "save.image" "sys.save.image" 
"save" "save.image" "sys.save.image" 
"save" "save.image" "sys.save.image" 
"save" "save.image" "sys.save.image" 
"save" "save.image" "sys.save.image" 
"save" "save.image" "sys.save.image" 
"save" "save.image" "sys.save.image" 
"save" "save.image" "sys.save.image" 
"save" "save.image" "sys.save.image" 
"save" "save.image" "sys.save.image" 
"save" "save.image" "sys.save.image" 
"save" "save.image" "sys.save.image" 
"save" "save.image" "sys.save.image" 
"save" "save.image" "sys.save.image" 
"save" "save.image" "sys.save.image" 
"save" "save.image" "sys.save.image" 
"save" "save.image" "sys.save.image" 
"save" "save.image" "sys.save.image" 
"save" "save.image" "sys.save.image" 
"save" "save.image" "sys.save.image" 
"save" "save.image" "sys.save.image" 
"save" "save.image" "sys.save.image" 
"save" "save.image" "sys.save.image" 
"save" "save.image" "sys.save.image" 
"save" "save.image" "sys.save.image" 
"save" "save.image" "sys.save.image" 
"save" "save.image" "sys.save.image" 
"save" "save.image" "sys.save.image" 
"save" "save.image" "sys.save.image" 
"save" "save.image" "sys.save.image" 
"save" "save.image" "sys.save.image" 
"save" "save.image" "sys.save.image" 
"save" "save.image" "sys.save.image" 
"save" "save.image" "sys.save.image" 
"save" "save.image" "sys.save.image" 
"save" "save.image" "sys.save.image" 
"save" "save.image" "sys.save.image" 
"save" "save.image" "sys.save.image" 
"save" "save.image" "sys.save.image" 
"save" "save.image" "sys.save.image" 
"save" "save.image" "sys.save.image" 
"save" "save.image" "sys.save.image" 
"save" "save.image" "sys.save.image" 
"save" "save.image" "sys.save.image" 
"save" "save.image" "sys.save.image" 
"save" "save.image" "sys.save.image" 
"save" "save.image" "sys.save.image" 
"save" "save.image" "sys.save.image" 
"save" "save.image" "sys.save.image" 
"save" "save.image" "sys.save.image" 
"save" "save.image" "sys.save.image" 
"save" "save.image" "sys.save.image" 
"save" "save.image" "sys.save.image" 
"save" "save.image" "sys.save.image" 
"save" "save.image" "sys.save.image" 
"save" "save.image" "sys.save.image" 
"save" "save.image" "sys.save.image" 
"save" "save.image" "sys.save.image" 
"save" "save.image" "sys.save.image" 
"save" "save.image" "sys.save.image" 
"save" "save.image" "sys.save.image" 
"save" "save.image" "sys.save.image" 
"save" "save.image" "sys.save.image" 
"save" "save.image" "sys.save.image" 
"save" "save.image" "sys.save.image" 
"save" "save.image" "sys.save.image" 
"save" "save.image" "sys.save.image" 
"save" "save.image" "sys.save.image" 
"save" "save.image" "sys.save.image" 
"save" "save.image" "sys.save.image" 
"save" "save.image" "sys.save.image" 
"save" "save.image" "sys.save.image" 
"save" "save.image" "sys.save.image" 
"save" "save.image" "sys.save.image" 
"save" "save.image" "sys.save.image" 
"save" "save.image" "sys.save.image" 
"save" "save.image" "sys.save.image" 
"save" "save.image" "sys.save.image" 
"save" "save.image" "sys.save.image" 
"save" "save.image" "sys.save.image" 
"save" "save.image" "sys.save.image" 
"save" "save.image" "sys.save.image" 
"save" "save.image" "sys.save.image" 
"save" "save.image" "sys.save.image" 
"save" "save.image" "sys.save.image" 
"save" "save.image" "sys.save.image" 
"save" "save.image" "sys.save.image" 
"save" "save.image" "sys.save.image" 
"save" "save.image" "sys.save.image" 
"save" "save.image" "sys.save.image" 
"save" "save.image" "sys.save.image" 
"save" "save.image" "sys.save.image" 
"save" "save.image" "sys.save.image" 
"save" "save.image" "sys.save.image" 
"save" "save.image" "sys.save.image" 
"save" "save.image" "sys.save.image" 
"save" "save.image" "sys.save.image" 
"save" "save.image" "sys.save.image" 
"save" "save.image" "sys.save.image" 
"save" "save.image" "sys.save.image" 
"save" "save.image" "sys.save.image" 
"save" "save.image" "sys.save.image" 
"save" "save.image" "sys.save.image" 
"save" "save.image" "sys.save.image" 
"save" "save.image" "sys.save.image" 
"save" "save.image" "sys.save.image" 
"save" "save.image" "sys.save.image" 
"save" "save.image" "sys.save.image" 
"save" "save.image" "sys.save.image" 
"file.rename" "save.image" "sys.save.image" 
"structure" "simpleWarning" "doWithOneRestart" "withOneRestart" "withRestarts" ".signalSimpleWarning" "rm" "withCallingHandlers" "suppressWarnings" "<Anonymous>" 
"structure" "simpleWarning" "doWithOneRestart" "withOneRestart" "withRestarts" ".signalSimpleWarning" "rm" "withCallingHandlers" "suppressWarnings" "<Anonymous>" 
"structure" "simpleWarning" "doWithOneRestart" "withOneRestart" "withRestarts" ".signalSimpleWarning" "rm" "withCallingHandlers" "suppressWarnings" "<Anonymous>" 
"structure" "simpleWarning" "doWithOneRestart" "withOneRestart" "withRestarts" ".signalSimpleWarning" "rm" "withCallingHandlers" "suppressWarnings" "<Anonymous>" 
"structure" "simpleWarning" "doWithOneRestart" "withOneRestart" "withRestarts" ".signalSimpleWarning" "rm" "withCallingHandlers" "suppressWarnings" "<Anonymous>" 
"structure" "simpleWarning" "doWithOneRestart" "withOneRestart" "withRestarts" ".signalSimpleWarning" "rm" "withCallingHandlers" "suppressWarnings" "<Anonymous>" 
"structure" "simpleWarning" "doWithOneRestart" "withOneRestart" "withRestarts" ".signalSimpleWarning" "rm" "withCallingHandlers" "suppressWarnings" "<Anonymous>" 
"structure" "simpleWarning" "doWithOneRestart" "withOneRestart" "withRestarts" ".signalSimpleWarning" "rm" "withCallingHandlers" "suppressWarnings" "<Anonymous>" 
"structure" "simpleWarning" "doWithOneRestart" "withOneRestart" "withRestarts" ".signalSimpleWarning" "rm" "withCallingHandlers" "suppressWarnings" "<Anonymous>" 
"structure" "simpleWarning" "doWithOneRestart" "withOneRestart" "withRestarts" ".signalSimpleWarning" "rm" "withCallingHandlers" "suppressWarnings" "<Anonymous>" 
"structure" "simpleWarning" "doWithOneRestart" "withOneRestart" "withRestarts" ".signalSimpleWarning" "rm" "withCallingHandlers" "suppressWarnings" "<Anonymous>" 
"structure" "simpleWarning" "doWithOneRestart" "withOneRestart" "withRestarts" ".signalSimpleWarning" "rm" "withCallingHandlers" "suppressWarnings" "<Anonymous>" 
"structure" "simpleWarning" "doWithOneRestart" "withOneRestart" "withRestarts" ".signalSimpleWarning" "rm" "withCallingHandlers" "suppressWarnings" "<Anonymous>" 
"structure" "simpleWarning" "doWithOneRestart" "withOneRestart" "withRestarts" ".signalSimpleWarning" "rm" "withCallingHandlers" "suppressWarnings" "<Anonymous>" 
"structure" "simpleWarning" "doWithOneRestart" "withOneRestart" "withRestarts" ".signalSimpleWarning" "rm" "withCallingHandlers" "suppressWarnings" "<Anonymous>" 
"structure" "simpleWarning" "doWithOneRestart" "withOneRestart" "withRestarts" ".signalSimpleWarning" "rm" "withCallingHandlers" "suppressWarnings" "<Anonymous>" 
"structure" "simpleWarning" "doWithOneRestart" "withOneRestart" "withRestarts" ".signalSimpleWarning" "rm" "withCallingHandlers" "suppressWarnings" "<Anonymous>" 
"structure" "simpleWarning" "doWithOneRestart" "withOneRestart" "withRestarts" ".signalSimpleWarning" "rm" "withCallingHandlers" "suppressWarnings" "<Anonymous>" 
"structure" "simpleWarning" "doWithOneRestart" "withOneRestart" "withRestarts" ".signalSimpleWarning" "rm" "withCallingHandlers" "suppressWarnings" "<Anonymous>" 
"structure" "simpleWarning" "doWithOneRestart" "withOneRestart" "withRestarts" ".signalSimpleWarning" "rm" "withCallingHandlers" "suppressWarnings" "<Anonymous>" 
"structure" "simpleWarning" "doWithOneRestart" "withOneRestart" "withRestarts" ".signalSimpleWarning" "rm" "withCallingHandlers" "suppressWarnings" "<Anonymous>" 
"structure" "simpleWarning" "doWithOneRestart" "withOneRestart" "withRestarts" ".signalSimpleWarning" "rm" "withCallingHandlers" "suppressWarnings" "<Anonymous>" 
"structure" "simpleWarning" "doWithOneRestart" "withOneRestart" "withRestarts" ".signalSimpleWarning" "rm" "withCallingHandlers" "suppressWarnings" "<Anonymous>" 
"structure" "simpleWarning" "doWithOneRestart" "withOneRestart" "withRestarts" ".signalSimpleWarning" "rm" "withCallingHandlers" "suppressWarnings" "<Anonymous>" 
"structure" "simpleWarning" "doWithOneRestart" "withOneRestart" "withRestarts" ".signalSimpleWarning" "rm" "withCallingHandlers" "suppressWarnings" "<Anonymous>" 
"structure" "simpleWarning" "doWithOneRestart" "withOneRestart" "withRestarts" ".signalSimpleWarning" "rm" "withCallingHandlers" "suppressWarnings" "<Anonymous>" 
"structure" "simpleWarning" "doWithOneRestart" "withOneRestart" "withRestarts" ".signalSimpleWarning" "rm" "withCallingHandlers" "suppressWarnings" "<Anonymous>" 
"structure" "simpleWarning" "doWithOneRestart" "withOneRestart" "withRestarts" ".signalSimpleWarning" "rm" "withCallingHandlers" "suppressWarnings" "<Anonymous>" 
"structure" "simpleWarning" "doWithOneRestart" "withOneRestart" "withRestarts" ".signalSimpleWarning" "rm" "withCallingHandlers" "suppressWarnings" "<Anonymous>" 
"structure" "simpleWarning" "doWithOneRestart" "withOneRestart" "withRestarts" ".signalSimpleWarning" "rm" "withCallingHandlers" "suppressWarnings" "<Anonymous>" 
"structure" "simpleWarning" "doWithOneRestart" "withOneRestart" "withRestarts" ".signalSimpleWarning" "rm" "withCallingHandlers" "suppressWarnings" "<Anonymous>" 
chList" "doTryCatch" "tryCatchOne" "tryCatchList" "tryCatch" 
"system2" "mimetype" "guess_type" "response" "func" "compute" "doTryCatch" "tryCatchOne" "tryCatchList" "tryCatch" "rookCall" "<Anonymous>" "evalq" "evalq" "doTryCatch" "tryCatchOne" "tryCatchList" "doTryCatch" "tryCatchOne" "tryCatchList" "tryCatch" 
"system2" "mimetype" "guess_type" "response" "func" "compute" "doTryCatch" "tryCatchOne" "tryCatchList" "tryCatch" "rookCall" "<Anonymous>" "evalq" "evalq" "doTryCatch" "tryCatchOne" "tryCatchList" "doTryCatch" "tryCatchOne" "tryCatchList" "tryCatch" 
"list.files" "file.info" "mtime" "build" "doTryCatch" "tryCatchOne" "tryCatchList" "tryCatch" "handler" "doTryCatch" "tryCatchOne" "tryCatchList" "tryCatch" "try" "<Anonymous>" "evalq" "evalq" "doTryCatch" "tryCatchOne" "tryCatchList" "doTryCatch" "tryCatchOne" "tryCatchList" "tryCatch" 
"file.info" "mtime" "build" "doTryCatch" "tryCatchOne" "tryCatchList" "tryCatch" "handler" "doTryCatch" "tryCatchOne" "tryCatchList" "tryCatch" "try" "<Anonymous>" "evalq" "evalq" "doTryCatch" "tryCatchOne" "tryCatchList" "doTryCatch" "tryCatchOne" "tryCatchList" "tryCatch" 
"file.info" "mtime" "build" "doTryCatch" "tryCatchOne" "tryCatchList" "tryCatch" "handler" "doTryCatch" "tryCatchOne" "tryCatchList" "tryCatch" "try" "<Anonymous>" "evalq" "evalq" "doTryCatch" "tryCatchOne" "tryCatchList" "doTryCatch" "tryCatchOne" "tryCatchList" "tryCatch" 
"file.rename" "save.image" "sys.save.image" 
